<?xml version="1.0" encoding="UTF-8"?>
<testng-results skipped="0" failed="0" total="1" passed="1">
  <reporter-output>
  </reporter-output>
  <suite name="Suite" duration-ms="49813" started-at="2019-08-25T16:11:23Z" finished-at="2019-08-25T16:12:13Z">
    <groups>
    </groups>
    <test name="Test" duration-ms="49813" started-at="2019-08-25T16:11:23Z" finished-at="2019-08-25T16:12:13Z">
      <class name="jenkinsWithMaven.VerifyTitle">
        <test-method status="PASS" signature="verifyvalidlogin()[pri:0, instance:jenkinsWithMaven.VerifyTitle@737996a0]" name="verifyvalidlogin" duration-ms="49748" started-at="2019-08-25T21:41:23Z" finished-at="2019-08-25T21:42:13Z">
          <reporter-output>
          </reporter-output>
        </test-method> <!-- verifyvalidlogin -->
      </class> <!-- jenkinsWithMaven.VerifyTitle -->
    </test> <!-- Test -->
  </suite> <!-- Suite -->
</testng-results>
