<?xml version="1.0" encoding="UTF-8"?>
<testng-results skipped="0" failed="0" total="1" passed="1">
  <reporter-output>
  </reporter-output>
  <suite name="Suite" duration-ms="25004" started-at="2019-08-25T14:51:33Z" finished-at="2019-08-25T14:51:58Z">
    <groups>
    </groups>
    <test name="Test" duration-ms="25004" started-at="2019-08-25T14:51:33Z" finished-at="2019-08-25T14:51:58Z">
      <class name="jenkinsWithMaven.VerifyTitle">
        <test-method status="PASS" signature="verifyvalidlogin()[pri:0, instance:jenkinsWithMaven.VerifyTitle@523884b2]" name="verifyvalidlogin" duration-ms="24892" started-at="2019-08-25T20:21:33Z" finished-at="2019-08-25T20:21:58Z">
          <reporter-output>
          </reporter-output>
        </test-method> <!-- verifyvalidlogin -->
      </class> <!-- jenkinsWithMaven.VerifyTitle -->
    </test> <!-- Test -->
  </suite> <!-- Suite -->
</testng-results>
